Added Component: Designator=C1(0805_Passive_Capaciitor)
Add component (AddParameter): Name = "Datasheet"; Value = "https://datasheet.lcsc.com/szlcsc/Samsung-Electro-Mechanics-CL21A226MAQNNNE_C45783.pdf"; VariantName = "[No Variations]"
Add component (AddParameter): Name = "LCSC Part#"; Value = "C45783"; VariantName = "[No Variations]"
Add component (AddParameter): Name = "MFR Part #"; Value = "CL21A226MAQNNNE"; VariantName = "[No Variations]"
Add component (AddParameter): Name = "Type"; Value = "Basic"; VariantName = "[No Variations]"
Add component (AddParameter): Name = "Value"; Value = "22uF"; VariantName = "[No Variations]"
Added Component: Designator=C2(0805_Passive_Capaciitor)
Add component (AddParameter): Name = "Datasheet"; Value = "https://datasheet.lcsc.com/szlcsc/Samsung-Electro-Mechanics-CL21A226MAQNNNE_C45783.pdf"; VariantName = "[No Variations]"
Add component (AddParameter): Name = "LCSC Part#"; Value = "C45783"; VariantName = "[No Variations]"
Add component (AddParameter): Name = "MFR Part #"; Value = "CL21A226MAQNNNE"; VariantName = "[No Variations]"
Add component (AddParameter): Name = "Type"; Value = "Basic"; VariantName = "[No Variations]"
Add component (AddParameter): Name = "Value"; Value = "22uF"; VariantName = "[No Variations]"
Added Component: Designator=C3(0805_Passive_Capaciitor)
Add component (AddParameter): Name = "Datasheet"; Value = "https://datasheet.lcsc.com/szlcsc/Samsung-Electro-Mechanics-CL21A226MAQNNNE_C45783.pdf"; VariantName = "[No Variations]"
Add component (AddParameter): Name = "LCSC Part#"; Value = "C45783"; VariantName = "[No Variations]"
Add component (AddParameter): Name = "MFR Part #"; Value = "CL21A226MAQNNNE"; VariantName = "[No Variations]"
Add component (AddParameter): Name = "Type"; Value = "Basic"; VariantName = "[No Variations]"
Add component (AddParameter): Name = "Value"; Value = "22uF"; VariantName = "[No Variations]"
Added Component: Designator=C4(0402_Passive_Capacitor)
Add component (AddParameter): Name = "Datasheet"; Value = "https://datasheet.lcsc.com/szlcsc/Guangdong-Fenghua-Advanced-Tech-0402CG220J500NT_C1555.pdf"; VariantName = "[No Variations]"
Add component (AddParameter): Name = "LCSC Part#"; Value = "C1555"; VariantName = "[No Variations]"
Add component (AddParameter): Name = "MFR Part #"; Value = "0402CG220J500NT"; VariantName = "[No Variations]"
Add component (AddParameter): Name = "Type"; Value = "Basic"; VariantName = "[No Variations]"
Add component (AddParameter): Name = "Value"; Value = "22pF"; VariantName = "[No Variations]"
Added Component: Designator=C5(0402_Passive_Capacitor)
Add component (AddParameter): Name = "Datasheet"; Value = "https://datasheet.lcsc.com/szlcsc/Guangdong-Fenghua-Advanced-Tech-0402CG220J500NT_C1555.pdf"; VariantName = "[No Variations]"
Add component (AddParameter): Name = "LCSC Part#"; Value = "C1555"; VariantName = "[No Variations]"
Add component (AddParameter): Name = "MFR Part #"; Value = "0402CG220J500NT"; VariantName = "[No Variations]"
Add component (AddParameter): Name = "Type"; Value = "Basic"; VariantName = "[No Variations]"
Add component (AddParameter): Name = "Value"; Value = "22pF"; VariantName = "[No Variations]"
Added Component: Designator=C6(0402_Passive_Capacitor)
Add component (AddParameter): Name = "Datasheet"; Value = "https://datasheet.lcsc.com/szlcsc/Guangdong-Fenghua-Advanced-Tech-0402CG220J500NT_C1555.pdf"; VariantName = "[No Variations]"
Add component (AddParameter): Name = "LCSC Part#"; Value = "C1555"; VariantName = "[No Variations]"
Add component (AddParameter): Name = "MFR Part #"; Value = "0402CG220J500NT"; VariantName = "[No Variations]"
Add component (AddParameter): Name = "Type"; Value = "Basic"; VariantName = "[No Variations]"
Add component (AddParameter): Name = "Value"; Value = "22pF"; VariantName = "[No Variations]"
Added Component: Designator=C7(0402_Passive_Capacitor)
Add component (AddParameter): Name = "Datasheet"; Value = "https://datasheet.lcsc.com/szlcsc/Guangdong-Fenghua-Advanced-Tech-0402CG220J500NT_C1555.pdf"; VariantName = "[No Variations]"
Add component (AddParameter): Name = "LCSC Part#"; Value = "C1555"; VariantName = "[No Variations]"
Add component (AddParameter): Name = "MFR Part #"; Value = "0402CG220J500NT"; VariantName = "[No Variations]"
Add component (AddParameter): Name = "Type"; Value = "Basic"; VariantName = "[No Variations]"
Add component (AddParameter): Name = "Value"; Value = "22pF"; VariantName = "[No Variations]"
Added Component: Designator=C8(0805_Passive_Capaciitor)
Add component (AddParameter): Name = "Datasheet"; Value = "https://datasheet.lcsc.com/szlcsc/Samsung-Electro-Mechanics-CL21A226MAQNNNE_C45783.pdf"; VariantName = "[No Variations]"
Add component (AddParameter): Name = "LCSC Part#"; Value = "C45783"; VariantName = "[No Variations]"
Add component (AddParameter): Name = "MFR Part #"; Value = "CL21A226MAQNNNE"; VariantName = "[No Variations]"
Add component (AddParameter): Name = "Type"; Value = "Basic"; VariantName = "[No Variations]"
Add component (AddParameter): Name = "Value"; Value = "22uF"; VariantName = "[No Variations]"
Added Component: Designator=C9(0402_Passive_Capacitor)
Add component (AddParameter): Name = "Datasheet"; Value = "https://datasheet.lcsc.com/szlcsc/Samsung-Electro-Mechanics-CL05A105KA5NQNC_C52923.pdf"; VariantName = "[No Variations]"
Add component (AddParameter): Name = "LCSC Part#"; Value = "C52923"; VariantName = "[No Variations]"
Add component (AddParameter): Name = "MFR Part #"; Value = "CL05A105KA5NQNC"; VariantName = "[No Variations]"
Add component (AddParameter): Name = "Type"; Value = "Basic"; VariantName = "[No Variations]"
Add component (AddParameter): Name = "Value"; Value = "1uF"; VariantName = "[No Variations]"
Added Component: Designator=C10(0805_Passive_Capaciitor)
Add component (AddParameter): Name = "Datasheet"; Value = "https://datasheet.lcsc.com/szlcsc/Samsung-Electro-Mechanics-CL21A226MAQNNNE_C45783.pdf"; VariantName = "[No Variations]"
Add component (AddParameter): Name = "LCSC Part#"; Value = "C45783"; VariantName = "[No Variations]"
Add component (AddParameter): Name = "MFR Part #"; Value = "CL21A226MAQNNNE"; VariantName = "[No Variations]"
Add component (AddParameter): Name = "Type"; Value = "Basic"; VariantName = "[No Variations]"
Add component (AddParameter): Name = "Value"; Value = "22uF"; VariantName = "[No Variations]"
Added Component: Designator=C11(0805_Passive_Capaciitor)
Add component (AddParameter): Name = "Datasheet"; Value = "https://datasheet.lcsc.com/szlcsc/Samsung-Electro-Mechanics-CL21A226MAQNNNE_C45783.pdf"; VariantName = "[No Variations]"
Add component (AddParameter): Name = "LCSC Part#"; Value = "C45783"; VariantName = "[No Variations]"
Add component (AddParameter): Name = "MFR Part #"; Value = "CL21A226MAQNNNE"; VariantName = "[No Variations]"
Add component (AddParameter): Name = "Type"; Value = "Basic"; VariantName = "[No Variations]"
Add component (AddParameter): Name = "Value"; Value = "22uF"; VariantName = "[No Variations]"
Added Component: Designator=D1(TVS)
Add component (AddParameter): Name = "Datasheet"; Value = "https://datasheet.lcsc.com/szlcsc/ProTek-Devices-SRV05-4-P-T7_C85364.pdf"; VariantName = "[No Variations]"
Add component (AddParameter): Name = "LCSC Part#"; Value = "C85364"; VariantName = "[No Variations]"
Add component (AddParameter): Name = "MFR Part #"; Value = "SRV05-4-P-T7"; VariantName = "[No Variations]"
Add component (AddParameter): Name = "Type"; Value = "Basic"; VariantName = "[No Variations]"
Add component (AddParameter): Name = "Value"; Value = "TVS DIODE 5.5V 6TSOP"; VariantName = "[No Variations]"
Added Component: Designator=FB1(0603_PASSIVE_Capacitor)
Add component (AddParameter): Name = "Datasheet"; Value = "https://datasheet.lcsc.com/szlcsc/Sunlord-SDFL1608S100KTF_C1035.pdf"; VariantName = "[No Variations]"
Add component (AddParameter): Name = "LCSC Part#"; Value = "C1035"; VariantName = "[No Variations]"
Add component (AddParameter): Name = "MFR Part #"; Value = "SDFL1608S100KTF"; VariantName = "[No Variations]"
Add component (AddParameter): Name = "Type"; Value = "Basic"; VariantName = "[No Variations]"
Added Component: Designator=J2(8_PIN_ARDUINO_100MIL)
Add component (AddParameter): Name = "Digikey Link"; Value = "https://www.digikey.com/product-detail/en/PPTC081LFBN-RC/S7006-ND/810147/?itemSeq=304982354"; VariantName = "[No Variations]"
Add component (AddParameter): Name = "Digikey Part"; Value = "S7006-ND"; VariantName = "[No Variations]"
Add component (AddParameter): Name = "LCSC Part#"; Value = "C27438"; VariantName = "[No Variations]"
Add component (AddParameter): Name = "Type"; Value = "Extended"; VariantName = "[No Variations]"
Add component (AddParameter): Name = "Value"; Value = "Female"; VariantName = "[No Variations]"
Added Component: Designator=J3(8_PIN_ARDUINO_100MIL)
Add component (AddParameter): Name = "Digikey Link"; Value = "https://www.digikey.com/product-detail/en/PPTC081LFBN-RC/S7006-ND/810147/?itemSeq=304982354"; VariantName = "[No Variations]"
Add component (AddParameter): Name = "Digikey Part"; Value = "S7006-ND"; VariantName = "[No Variations]"
Add component (AddParameter): Name = "LCSC Part#"; Value = "C27438"; VariantName = "[No Variations]"
Add component (AddParameter): Name = "Type"; Value = "Extended"; VariantName = "[No Variations]"
Add component (AddParameter): Name = "Value"; Value = "Female"; VariantName = "[No Variations]"
Added Component: Designator=J4(6_PIN_ARDUINO_100mil)
Add component (AddParameter): Name = "Digikey Link"; Value = "https://www.digikey.com/product-detail/en/PPTC061LFBN-RC/S7004-ND/810145/?itemSeq=304982353"; VariantName = "[No Variations]"
Add component (AddParameter): Name = "Digikey Part"; Value = "S7004-ND"; VariantName = "[No Variations]"
Add component (AddParameter): Name = "LCSC Part#"; Value = "C40877"; VariantName = "[No Variations]"
Add component (AddParameter): Name = "Type"; Value = "Extended"; VariantName = "[No Variations]"
Add component (AddParameter): Name = "Value"; Value = "Female"; VariantName = "[No Variations]"
Added Component: Designator=J5(10_PIN_ARDUINO_100MIL)
Add component (AddParameter): Name = "Digikey Link"; Value = "https://www.digikey.com/product-detail/en/PPTC101LFBN-RC/S7008-ND/810149/?itemSeq=304982352"; VariantName = "[No Variations]"
Add component (AddParameter): Name = "Digikey Part"; Value = "S7008-ND"; VariantName = "[No Variations]"
Add component (AddParameter): Name = "LCSC Part#"; Value = "C225507"; VariantName = "[No Variations]"
Add component (AddParameter): Name = "Type"; Value = "Extended"; VariantName = "[No Variations]"
Add component (AddParameter): Name = "Value"; Value = "Female"; VariantName = "[No Variations]"
Added Component: Designator=J6(ICSP)
Add component (AddParameter): Name = "Digikey Link"; Value = "https://www.digikey.com/product-detail/en/NRPN032PAEN-RC/S5801-03-ND/804955/?itemSeq=304982355"; VariantName = "[No Variations]"
Add component (AddParameter): Name = "Digikey Part"; Value = "S5801-03-ND"; VariantName = "[No Variations]"
Add component (AddParameter): Name = "LCSC Part#"; Value = "C124384"; VariantName = "[No Variations]"
Add component (AddParameter): Name = "Type"; Value = "Extended"; VariantName = "[No Variations]"
Add component (AddParameter): Name = "Value"; Value = "NRPN032PAEN-RC"; VariantName = "[No Variations]"
Added Component: Designator=J7(6_PIN_ARDUINO_100mil)
Add component (AddParameter): Name = "Digikey Link"; Value = "https://www.digikey.com/product-detail/en/PPTC061LFBN-RC/S7004-ND/810145/?itemSeq=304982353"; VariantName = "[No Variations]"
Add component (AddParameter): Name = "Digikey Part"; Value = "S7004-ND"; VariantName = "[No Variations]"
Add component (AddParameter): Name = "LCSC Part#"; Value = "C40877"; VariantName = "[No Variations]"
Add component (AddParameter): Name = "Type"; Value = "Extended"; VariantName = "[No Variations]"
Add component (AddParameter): Name = "Value"; Value = "Female"; VariantName = "[No Variations]"
Added Component: Designator=J8(10_PIN_ARDUINO_100MIL)
Add component (AddParameter): Name = "Digikey Link"; Value = "https://www.digikey.com/product-detail/en/PPTC101LFBN-RC/S7008-ND/810149/?itemSeq=304982352"; VariantName = "[No Variations]"
Add component (AddParameter): Name = "Digikey Part"; Value = "S7008-ND"; VariantName = "[No Variations]"
Add component (AddParameter): Name = "LCSC Part#"; Value = "C225507"; VariantName = "[No Variations]"
Add component (AddParameter): Name = "Type"; Value = "Extended"; VariantName = "[No Variations]"
Add component (AddParameter): Name = "Value"; Value = "Female"; VariantName = "[No Variations]"
Added Component: Designator=J9(8_PIN_ARDUINO_100MIL)
Add component (AddParameter): Name = "Digikey Link"; Value = "https://www.digikey.com/product-detail/en/PPTC081LFBN-RC/S7006-ND/810147/?itemSeq=304982354"; VariantName = "[No Variations]"
Add component (AddParameter): Name = "Digikey Part"; Value = "S7006-ND"; VariantName = "[No Variations]"
Add component (AddParameter): Name = "LCSC Part#"; Value = "C27438"; VariantName = "[No Variations]"
Add component (AddParameter): Name = "Type"; Value = "Extended"; VariantName = "[No Variations]"
Add component (AddParameter): Name = "Value"; Value = "Female"; VariantName = "[No Variations]"
Added Component: Designator=J10(8_PIN_ARDUINO_100MIL)
Add component (AddParameter): Name = "Digikey Link"; Value = "https://www.digikey.com/product-detail/en/PPTC081LFBN-RC/S7006-ND/810147/?itemSeq=304982354"; VariantName = "[No Variations]"
Add component (AddParameter): Name = "Digikey Part"; Value = "S7006-ND"; VariantName = "[No Variations]"
Add component (AddParameter): Name = "LCSC Part#"; Value = "C27438"; VariantName = "[No Variations]"
Add component (AddParameter): Name = "Type"; Value = "Extended"; VariantName = "[No Variations]"
Add component (AddParameter): Name = "Value"; Value = "Female"; VariantName = "[No Variations]"
Added Component: Designator=LED1(LED_0603)
Add component (AddParameter): Name = "Datasheet"; Value = "https://datasheet.lcsc.com/szlcsc/Everlight-Elec-19-217-BHC-ZL1M2RY-3T_C72041.pdf"; VariantName = "[No Variations]"
Add component (AddParameter): Name = "LCSC Part#"; Value = "C2286"; VariantName = "[No Variations]"
Add component (AddParameter): Name = "MFR Part #"; Value = "KT-0603R"; VariantName = "[No Variations]"
Add component (AddParameter): Name = "Type"; Value = "Basic"; VariantName = "[No Variations]"
Add component (AddParameter): Name = "Value"; Value = "Red"; VariantName = "[No Variations]"
Added Component: Designator=LED2(LED_0603)
Add component (AddParameter): Name = "LCSC Part#"; Value = "C72043"; VariantName = "[No Variations]"
Add component (AddParameter): Name = "MFR Part #"; Value = "19-217/GHC-YR1S2/3T"; VariantName = "[No Variations]"
Add component (AddParameter): Name = "Type"; Value = "Basic"; VariantName = "[No Variations]"
Add component (AddParameter): Name = "Value"; Value = "Green"; VariantName = "[No Variations]"
Added Component: Designator=LED3(LED_0603)
Add component (AddParameter): Name = "Datasheet"; Value = "https://datasheet.lcsc.com/szlcsc/Everlight-Elec-19-217-BHC-ZL1M2RY-3T_C72041.pdf"; VariantName = "[No Variations]"
Add component (AddParameter): Name = "LCSC Part#"; Value = "C2286"; VariantName = "[No Variations]"
Add component (AddParameter): Name = "MFR Part #"; Value = "KT-0603R"; VariantName = "[No Variations]"
Add component (AddParameter): Name = "Type"; Value = "Basic"; VariantName = "[No Variations]"
Add component (AddParameter): Name = "Value"; Value = "Red"; VariantName = "[No Variations]"
Added Component: Designator=LED4(LED_0603)
Add component (AddParameter): Name = "Datasheet"; Value = "https://datasheet.lcsc.com/szlcsc/Everlight-Elec-19-217-BHC-ZL1M2RY-3T_C72041.pdf"; VariantName = "[No Variations]"
Add component (AddParameter): Name = "LCSC Part#"; Value = "C2286"; VariantName = "[No Variations]"
Add component (AddParameter): Name = "MFR Part #"; Value = "KT-0603R"; VariantName = "[No Variations]"
Add component (AddParameter): Name = "Type"; Value = "Basic"; VariantName = "[No Variations]"
Add component (AddParameter): Name = "Value"; Value = "Red"; VariantName = "[No Variations]"
Added Component: Designator=LED5(LED_0603)
Add component (AddParameter): Name = "Datasheet"; Value = "https://datasheet.lcsc.com/szlcsc/Everlight-Elec-19-217-BHC-ZL1M2RY-3T_C72041.pdf"; VariantName = "[No Variations]"
Add component (AddParameter): Name = "LCSC Part#"; Value = "C2286"; VariantName = "[No Variations]"
Add component (AddParameter): Name = "MFR Part #"; Value = "KT-0603R"; VariantName = "[No Variations]"
Add component (AddParameter): Name = "Type"; Value = "Basic"; VariantName = "[No Variations]"
Add component (AddParameter): Name = "Value"; Value = "Red"; VariantName = "[No Variations]"
Added Component: Designator=LED6(LED_0603)
Add component (AddParameter): Name = "Datasheet"; Value = "https://datasheet.lcsc.com/szlcsc/Everlight-Elec-19-217-BHC-ZL1M2RY-3T_C72041.pdf"; VariantName = "[No Variations]"
Add component (AddParameter): Name = "LCSC Part#"; Value = "C2286"; VariantName = "[No Variations]"
Add component (AddParameter): Name = "MFR Part #"; Value = "KT-0603R"; VariantName = "[No Variations]"
Add component (AddParameter): Name = "Type"; Value = "Basic"; VariantName = "[No Variations]"
Add component (AddParameter): Name = "Value"; Value = "Red"; VariantName = "[No Variations]"
Added Component: Designator=LED7(LED_0603)
Add component (AddParameter): Name = "Datasheet"; Value = "https://datasheet.lcsc.com/szlcsc/Everlight-Elec-19-217-BHC-ZL1M2RY-3T_C72041.pdf"; VariantName = "[No Variations]"
Add component (AddParameter): Name = "LCSC Part#"; Value = "C2286"; VariantName = "[No Variations]"
Add component (AddParameter): Name = "MFR Part #"; Value = "KT-0603R"; VariantName = "[No Variations]"
Add component (AddParameter): Name = "Type"; Value = "Basic"; VariantName = "[No Variations]"
Add component (AddParameter): Name = "Value"; Value = "Red"; VariantName = "[No Variations]"
Added Component: Designator=P1(Power_Jack)
Add component (AddParameter): Name = "Digikey Link"; Value = "https://www.digikey.com/product-detail/en/PJ-102A/CP-102A-ND/275425/?itemSeq=304982367"; VariantName = "[No Variations]"
Add component (AddParameter): Name = "Digikey Part"; Value = "CP-102A-ND"; VariantName = "[No Variations]"
Add component (AddParameter): Name = "LCSC Part#"; Value = "C136744"; VariantName = "[No Variations]"
Add component (AddParameter): Name = "Type"; Value = "Extended"; VariantName = "[No Variations]"
Add component (AddParameter): Name = "Value"; Value = "CONN PWR JACK 2X5.5MM SOLDER"; VariantName = "[No Variations]"
Added Component: Designator=PS1(LDO)
Add component (AddParameter): Name = "LCSC Part#"; Value = "C6186"; VariantName = "[No Variations]"
Add component (AddParameter): Name = "MFR Part #"; Value = "AMS1117-3.3"; VariantName = "[No Variations]"
Add component (AddParameter): Name = "Type"; Value = "Basic"; VariantName = "[No Variations]"
Add component (AddParameter): Name = "Value"; Value = "IC REG LINEAR 3.3V 800MA SOT223"; VariantName = "[No Variations]"
Added Component: Designator=R1(0805_Passive_Resistor)
Add component (AddParameter): Name = "LCSC Part#"; Value = "C17513"; VariantName = "[No Variations]"
Add component (AddParameter): Name = "MFR Part #"; Value = "0805W8F1001T5E"; VariantName = "[No Variations]"
Add component (AddParameter): Name = "Type"; Value = "Basic"; VariantName = "[No Variations]"
Add component (AddParameter): Name = "Value"; Value = "1K Ohm"; VariantName = "[No Variations]"
Added Component: Designator=R2(0805_Passive_Resistor)
Add component (AddParameter): Name = "LCSC Part#"; Value = "C17513"; VariantName = "[No Variations]"
Add component (AddParameter): Name = "MFR Part #"; Value = "0805W8F1001T5E"; VariantName = "[No Variations]"
Add component (AddParameter): Name = "Type"; Value = "Basic"; VariantName = "[No Variations]"
Add component (AddParameter): Name = "Value"; Value = "1K Ohm"; VariantName = "[No Variations]"
Added Component: Designator=R3(0402_Passive_Resistor)
Add component (AddParameter): Name = "Datasheet"; Value = "https://datasheet.lcsc.com/szlcsc/Uniroyal-Elec-0402WGF1001TCE_C11702.pdf"; VariantName = "[No Variations]"
Add component (AddParameter): Name = "LCSC Part#"; Value = "C11702"; VariantName = "[No Variations]"
Add component (AddParameter): Name = "MFR Part #"; Value = "0402WGF1001TCE"; VariantName = "[No Variations]"
Add component (AddParameter): Name = "Type"; Value = "Basic"; VariantName = "[No Variations]"
Add component (AddParameter): Name = "Value"; Value = "1K Ohm"; VariantName = "[No Variations]"
Added Component: Designator=R4(0402_Passive_Resistor)
Add component (AddParameter): Name = "Datasheet"; Value = "https://datasheet.lcsc.com/szlcsc/Uniroyal-Elec-0402WGF1001TCE_C11702.pdf"; VariantName = "[No Variations]"
Add component (AddParameter): Name = "LCSC Part#"; Value = "C11702"; VariantName = "[No Variations]"
Add component (AddParameter): Name = "MFR Part #"; Value = "0402WGF1001TCE"; VariantName = "[No Variations]"
Add component (AddParameter): Name = "Type"; Value = "Basic"; VariantName = "[No Variations]"
Add component (AddParameter): Name = "Value"; Value = "1K Ohm"; VariantName = "[No Variations]"
Added Component: Designator=R5(0402_Passive_Resistor)
Add component (AddParameter): Name = "Datasheet"; Value = "https://datasheet.lcsc.com/szlcsc/Uniroyal-Elec-0402WGF1002TCE_C25744.pdf"; VariantName = "[No Variations]"
Add component (AddParameter): Name = "LCSC Part#"; Value = "C25744"; VariantName = "[No Variations]"
Add component (AddParameter): Name = "MFR Part #"; Value = "0402WGF1002TCE"; VariantName = "[No Variations]"
Add component (AddParameter): Name = "Type"; Value = "Basic"; VariantName = "[No Variations]"
Add component (AddParameter): Name = "Value"; Value = "10KOhm"; VariantName = "[No Variations]"
Added Component: Designator=R6(0402_Passive_Resistor)
Add component (AddParameter): Name = "Datasheet"; Value = "https://datasheet.lcsc.com/szlcsc/Uniroyal-Elec-0402WGF1001TCE_C11702.pdf"; VariantName = "[No Variations]"
Add component (AddParameter): Name = "LCSC Part#"; Value = "C11702"; VariantName = "[No Variations]"
Add component (AddParameter): Name = "MFR Part #"; Value = "0402WGF1001TCE"; VariantName = "[No Variations]"
Add component (AddParameter): Name = "Type"; Value = "Basic"; VariantName = "[No Variations]"
Add component (AddParameter): Name = "Value"; Value = "1K Ohm"; VariantName = "[No Variations]"
Added Component: Designator=R7(0402_Passive_Resistor)
Add component (AddParameter): Name = "Datasheet"; Value = "https://datasheet.lcsc.com/szlcsc/Uniroyal-Elec-0402WGF1001TCE_C11702.pdf"; VariantName = "[No Variations]"
Add component (AddParameter): Name = "LCSC Part#"; Value = "C11702"; VariantName = "[No Variations]"
Add component (AddParameter): Name = "MFR Part #"; Value = "0402WGF1001TCE"; VariantName = "[No Variations]"
Add component (AddParameter): Name = "Type"; Value = "Basic"; VariantName = "[No Variations]"
Add component (AddParameter): Name = "Value"; Value = "1K Ohm"; VariantName = "[No Variations]"
Added Component: Designator=R8(0402_Passive_Resistor)
Add component (AddParameter): Name = "Datasheet"; Value = "https://datasheet.lcsc.com/szlcsc/Uniroyal-Elec-0402WGF1001TCE_C11702.pdf"; VariantName = "[No Variations]"
Add component (AddParameter): Name = "LCSC Part#"; Value = "C11702"; VariantName = "[No Variations]"
Add component (AddParameter): Name = "MFR Part #"; Value = "0402WGF1001TCE"; VariantName = "[No Variations]"
Add component (AddParameter): Name = "Type"; Value = "Basic"; VariantName = "[No Variations]"
Add component (AddParameter): Name = "Value"; Value = "1K Ohm"; VariantName = "[No Variations]"
Added Component: Designator=R9(0402_Passive_Resistor)
Add component (AddParameter): Name = "Datasheet"; Value = "https://datasheet.lcsc.com/szlcsc/Uniroyal-Elec-0402WGF1001TCE_C11702.pdf"; VariantName = "[No Variations]"
Add component (AddParameter): Name = "LCSC Part#"; Value = "C11702"; VariantName = "[No Variations]"
Add component (AddParameter): Name = "MFR Part #"; Value = "0402WGF1001TCE"; VariantName = "[No Variations]"
Add component (AddParameter): Name = "Type"; Value = "Basic"; VariantName = "[No Variations]"
Add component (AddParameter): Name = "Value"; Value = "1K Ohm"; VariantName = "[No Variations]"
Added Component: Designator=R10(0402_Passive_Resistor)
Add component (AddParameter): Name = "Datasheet"; Value = "https://datasheet.lcsc.com/szlcsc/Uniroyal-Elec-0402WGF1001TCE_C11702.pdf"; VariantName = "[No Variations]"
Add component (AddParameter): Name = "LCSC Part#"; Value = "C11702"; VariantName = "[No Variations]"
Add component (AddParameter): Name = "MFR Part #"; Value = "0402WGF1001TCE"; VariantName = "[No Variations]"
Add component (AddParameter): Name = "Type"; Value = "Basic"; VariantName = "[No Variations]"
Add component (AddParameter): Name = "Value"; Value = "1K Ohm"; VariantName = "[No Variations]"
Added Component: Designator=R11(0402_Passive_Resistor)
Add component (AddParameter): Name = "Datasheet"; Value = "https://datasheet.lcsc.com/szlcsc/Uniroyal-Elec-0402WGF1002TCE_C25744.pdf"; VariantName = "[No Variations]"
Add component (AddParameter): Name = "LCSC Part#"; Value = "C25744"; VariantName = "[No Variations]"
Add component (AddParameter): Name = "MFR Part #"; Value = "0402WGF1002TCE"; VariantName = "[No Variations]"
Add component (AddParameter): Name = "Type"; Value = "Basic"; VariantName = "[No Variations]"
Add component (AddParameter): Name = "Value"; Value = "10KOhm"; VariantName = "[No Variations]"
Added Component: Designator=R12(0402_Passive_Resistor)
Add component (AddParameter): Name = "Datasheet"; Value = "https://datasheet.lcsc.com/szlcsc/Uniroyal-Elec-0402WGF1002TCE_C25744.pdf"; VariantName = "[No Variations]"
Add component (AddParameter): Name = "LCSC Part#"; Value = "C25744"; VariantName = "[No Variations]"
Add component (AddParameter): Name = "MFR Part #"; Value = "0402WGF1002TCE"; VariantName = "[No Variations]"
Add component (AddParameter): Name = "Type"; Value = "Basic"; VariantName = "[No Variations]"
Add component (AddParameter): Name = "Value"; Value = "10KOhm"; VariantName = "[No Variations]"
Added Component: Designator=SW1(3_PIN_100mil)
Add component (AddParameter): Name = "Digikey Link"; Value = "https://www.digikey.com/product-detail/en/PREC003SAAN-RC/S1012EC-03-ND/2774851/?itemSeq=304982371"; VariantName = "[No Variations]"
Add component (AddParameter): Name = "Digikey Part"; Value = "S1012EC-03-ND"; VariantName = "[No Variations]"
Add component (AddParameter): Name = "LCSC Part#"; Value = "C429954"; VariantName = "[No Variations]"
Add component (AddParameter): Name = "Type"; Value = "Extended"; VariantName = "[No Variations]"
Add component (AddParameter): Name = "Value"; Value = "CONN HEADER VERT 3POS 2.54MM"; VariantName = "[No Variations]"
Added Component: Designator=SW2(Switch_JLC)
Add component (AddParameter): Name = "LCSC Part#"; Value = "C174049"; VariantName = "[No Variations]"
Add component (AddParameter): Name = "MFR Part #"; Value = "C174049"; VariantName = "[No Variations]"
Add component (AddParameter): Name = "Type"; Value = "Extended"; VariantName = "[No Variations]"
Added Component: Designator=TP1(TP10x_Probe)
Added Component: Designator=TP2(TP10x_Probe)
Added Component: Designator=TP3(TP10x_Probe)
Added Component: Designator=U1(USB to serial)
Add component (AddParameter): Name = "Datasheet"; Value = "https://datasheet.lcsc.com/lcsc/2008191806_WCH-Jiangsu-Qin-Heng-CH340G_C14267.pdf"; VariantName = "[No Variations]"
Add component (AddParameter): Name = "LCSC Part#"; Value = "C14267"; VariantName = "[No Variations]"
Add component (AddParameter): Name = "MFR Part #"; Value = "CH340G"; VariantName = "[No Variations]"
Add component (AddParameter): Name = "Type"; Value = "Basic"; VariantName = "[No Variations]"
Add component (AddParameter): Name = "Value"; Value = "USB to Serial"; VariantName = "[No Variations]"
Added Component: Designator=U2(ATMega328P)
Add component (AddParameter): Name = "Digikey Link"; Value = "https://www.digikey.com/product-detail/en/ATMEGA328P-ANR/ATMEGA328P-ANRCT-ND/2774230/?itemSeq=304982365"; VariantName = "[No Variations]"
Add component (AddParameter): Name = "LCSC Part#"; Value = "C14877"; VariantName = "[No Variations]"
Add component (AddParameter): Name = "MFR Part #"; Value = "ATMEGA328P-AU"; VariantName = "[No Variations]"
Add component (AddParameter): Name = "Type"; Value = "Basic"; VariantName = "[No Variations]"
Add component (AddParameter): Name = "Value"; Value = "IC MCU 8BIT 32KB FLASH 32TQFP"; VariantName = "[No Variations]"
Added Component: Designator=USB1(TYPE-C-TH_USB31-TYPEC-33141-2FS)
Added Component: Designator=Y1(Crystal resonator)
Add component (AddParameter): Name = "Datasheet"; Value = "https://datasheet.lcsc.com/szlcsc/Yangxing-Tech-X322512MSB4SI_C9002.pdf"; VariantName = "[No Variations]"
Add component (AddParameter): Name = "LCSC Part#"; Value = "C9002"; VariantName = "[No Variations]"
Add component (AddParameter): Name = "MFR Part #"; Value = "X322512MSB4SI"; VariantName = "[No Variations]"
Add component (AddParameter): Name = "Type"; Value = "Basic"; VariantName = "[No Variations]"
Add component (AddParameter): Name = "Value"; Value = "12MHz"; VariantName = "[No Variations]"
Added Component: Designator=Y2(Crystal resonator)
Add component (AddParameter): Name = "LCSC Part#"; Value = "C13738"; VariantName = "[No Variations]"
Add component (AddParameter): Name = "MFR Part #"; Value = "X322516MLB4SI"; VariantName = "[No Variations]"
Add component (AddParameter): Name = "Type"; Value = "Basic"; VariantName = "[No Variations]"
Add component (AddParameter): Name = "Value"; Value = "16MHz"; VariantName = "[No Variations]"
Added Pin To Net: NetName=3V3 Pin=C2-2
Added Pin To Net: NetName=3V3 Pin=J10-4
Added Pin To Net: NetName=3V3 Pin=LED2-1
Added Pin To Net: NetName=3V3 Pin=PS1-2
Added Pin To Net: NetName=3V3 Pin=PS1-4
Added Pin To Net: NetName=3V3 Pin=TP3-1
Added Net: Name=3V3
Added Pin To Net: NetName=A0 Pin=J4-1
Added Pin To Net: NetName=A0 Pin=U2-23
Added Net: Name=A0
Added Pin To Net: NetName=A1 Pin=J4-2
Added Pin To Net: NetName=A1 Pin=U2-24
Added Net: Name=A1
Added Pin To Net: NetName=A2 Pin=J4-3
Added Pin To Net: NetName=A2 Pin=U2-25
Added Net: Name=A2
Added Pin To Net: NetName=A3 Pin=J4-4
Added Pin To Net: NetName=A3 Pin=U2-26
Added Net: Name=A3
Added Pin To Net: NetName=A4_SDA Pin=J4-5
Added Pin To Net: NetName=A4_SDA Pin=J5-9
Added Pin To Net: NetName=A4_SDA Pin=U2-27
Added Net: Name=A4_SDA
Added Pin To Net: NetName=A5_SCL Pin=J4-6
Added Pin To Net: NetName=A5_SCL Pin=J5-10
Added Pin To Net: NetName=A5_SCL Pin=U2-28
Added Net: Name=A5_SCL
Added Pin To Net: NetName=AREF Pin=J5-8
Added Pin To Net: NetName=AREF Pin=U2-20
Added Net: Name=AREF
Added Pin To Net: NetName=CH340_RX Pin=R8-1
Added Pin To Net: NetName=CH340_RX Pin=R10-2
Added Pin To Net: NetName=CH340_RX Pin=U1-3
Added Pin To Net: NetName=CH340_RX Pin=U2-31
Added Net: Name=CH340_RX
Added Pin To Net: NetName=CH340_TX Pin=R7-1
Added Pin To Net: NetName=CH340_TX Pin=R9-2
Added Pin To Net: NetName=CH340_TX Pin=U1-2
Added Pin To Net: NetName=CH340_TX Pin=U2-30
Added Net: Name=CH340_TX
Added Pin To Net: NetName=D+ Pin=D1-6
Added Pin To Net: NetName=D+ Pin=U1-5
Added Pin To Net: NetName=D+ Pin=USB1-A6
Added Pin To Net: NetName=D+ Pin=USB1-B6
Added Net: Name=D+
Added Pin To Net: NetName=D- Pin=D1-4
Added Pin To Net: NetName=D- Pin=U1-6
Added Pin To Net: NetName=D- Pin=USB1-A7
Added Pin To Net: NetName=D- Pin=USB1-B7
Added Net: Name=D-
Added Pin To Net: NetName=DIO2 Pin=J3-3
Added Pin To Net: NetName=DIO2 Pin=U2-32
Added Net: Name=DIO2
Added Pin To Net: NetName=DIO3 Pin=J3-4
Added Pin To Net: NetName=DIO3 Pin=U2-1
Added Net: Name=DIO3
Added Pin To Net: NetName=DIO4 Pin=J3-5
Added Pin To Net: NetName=DIO4 Pin=U2-2
Added Net: Name=DIO4
Added Pin To Net: NetName=DIO5 Pin=J3-6
Added Pin To Net: NetName=DIO5 Pin=U2-9
Added Net: Name=DIO5
Added Pin To Net: NetName=DIO6 Pin=J3-7
Added Pin To Net: NetName=DIO6 Pin=U2-10
Added Net: Name=DIO6
Added Pin To Net: NetName=DIO7 Pin=J3-8
Added Pin To Net: NetName=DIO7 Pin=U2-11
Added Net: Name=DIO7
Added Pin To Net: NetName=DIO8 Pin=J5-1
Added Pin To Net: NetName=DIO8 Pin=U2-12
Added Net: Name=DIO8
Added Pin To Net: NetName=DIO9 Pin=J5-2
Added Pin To Net: NetName=DIO9 Pin=U2-13
Added Net: Name=DIO9
Added Pin To Net: NetName=DIO10_SS Pin=J5-3
Added Pin To Net: NetName=DIO10_SS Pin=U2-14
Added Net: Name=DIO10_SS
Added Pin To Net: NetName=DIO11_MOSI Pin=J5-4
Added Pin To Net: NetName=DIO11_MOSI Pin=J6-5
Added Pin To Net: NetName=DIO11_MOSI Pin=U2-15
Added Net: Name=DIO11_MOSI
Added Pin To Net: NetName=DIO12_MISO Pin=J5-5
Added Pin To Net: NetName=DIO12_MISO Pin=J6-1
Added Pin To Net: NetName=DIO12_MISO Pin=U2-16
Added Net: Name=DIO12_MISO
Added Pin To Net: NetName=DIO13_SCK Pin=J5-6
Added Pin To Net: NetName=DIO13_SCK Pin=J6-2
Added Pin To Net: NetName=DIO13_SCK Pin=LED5-1
Added Pin To Net: NetName=DIO13_SCK Pin=U2-17
Added Net: Name=DIO13_SCK
Added Pin To Net: NetName=DTR Pin=C8-2
Added Pin To Net: NetName=DTR Pin=U1-13
Added Net: Name=DTR
Added Pin To Net: NetName=GND Pin=C1-1
Added Pin To Net: NetName=GND Pin=C2-1
Added Pin To Net: NetName=GND Pin=C3-2
Added Pin To Net: NetName=GND Pin=C4-1
Added Pin To Net: NetName=GND Pin=C5-1
Added Pin To Net: NetName=GND Pin=C6-2
Added Pin To Net: NetName=GND Pin=C7-1
Added Pin To Net: NetName=GND Pin=C9-2
Added Pin To Net: NetName=GND Pin=C10-2
Added Pin To Net: NetName=GND Pin=C11-2
Added Pin To Net: NetName=GND Pin=D1-2
Added Pin To Net: NetName=GND Pin=J2-1
Added Pin To Net: NetName=GND Pin=J2-2
Added Pin To Net: NetName=GND Pin=J2-3
Added Pin To Net: NetName=GND Pin=J2-4
Added Pin To Net: NetName=GND Pin=J2-5
Added Pin To Net: NetName=GND Pin=J2-6
Added Pin To Net: NetName=GND Pin=J2-7
Added Pin To Net: NetName=GND Pin=J2-8
Added Pin To Net: NetName=GND Pin=J5-7
Added Pin To Net: NetName=GND Pin=J6-6
Added Pin To Net: NetName=GND Pin=J7-1
Added Pin To Net: NetName=GND Pin=J7-2
Added Pin To Net: NetName=GND Pin=J7-3
Added Pin To Net: NetName=GND Pin=J7-4
Added Pin To Net: NetName=GND Pin=J7-5
Added Pin To Net: NetName=GND Pin=J7-6
Added Pin To Net: NetName=GND Pin=J8-1
Added Pin To Net: NetName=GND Pin=J8-2
Added Pin To Net: NetName=GND Pin=J8-3
Added Pin To Net: NetName=GND Pin=J8-4
Added Pin To Net: NetName=GND Pin=J8-5
Added Pin To Net: NetName=GND Pin=J8-6
Added Pin To Net: NetName=GND Pin=J8-7
Added Pin To Net: NetName=GND Pin=J8-8
Added Pin To Net: NetName=GND Pin=J8-9
Added Pin To Net: NetName=GND Pin=J8-10
Added Pin To Net: NetName=GND Pin=J9-1
Added Pin To Net: NetName=GND Pin=J9-2
Added Pin To Net: NetName=GND Pin=J9-3
Added Pin To Net: NetName=GND Pin=J9-4
Added Pin To Net: NetName=GND Pin=J9-5
Added Pin To Net: NetName=GND Pin=J9-6
Added Pin To Net: NetName=GND Pin=J9-7
Added Pin To Net: NetName=GND Pin=J9-8
Added Pin To Net: NetName=GND Pin=J10-6
Added Pin To Net: NetName=GND Pin=J10-7
Added Pin To Net: NetName=GND Pin=P1-2
Added Pin To Net: NetName=GND Pin=P1-3
Added Pin To Net: NetName=GND Pin=PS1-1
Added Pin To Net: NetName=GND Pin=R1-2
Added Pin To Net: NetName=GND Pin=R2-2
Added Pin To Net: NetName=GND Pin=R3-2
Added Pin To Net: NetName=GND Pin=R4-2
Added Pin To Net: NetName=GND Pin=R6-2
Added Pin To Net: NetName=GND Pin=R11-1
Added Pin To Net: NetName=GND Pin=R12-2
Added Pin To Net: NetName=GND Pin=SW2-4
Added Pin To Net: NetName=GND Pin=TP1-2
Added Pin To Net: NetName=GND Pin=TP1-2
Added Pin To Net: NetName=GND Pin=TP1-2
Added Pin To Net: NetName=GND Pin=TP2-2
Added Pin To Net: NetName=GND Pin=TP2-2
Added Pin To Net: NetName=GND Pin=TP2-2
Added Pin To Net: NetName=GND Pin=TP3-2
Added Pin To Net: NetName=GND Pin=TP3-2
Added Pin To Net: NetName=GND Pin=TP3-2
Added Pin To Net: NetName=GND Pin=U1-1
Added Pin To Net: NetName=GND Pin=U2-3
Added Pin To Net: NetName=GND Pin=U2-5
Added Pin To Net: NetName=GND Pin=U2-21
Added Pin To Net: NetName=GND Pin=USB1-A1
Added Pin To Net: NetName=GND Pin=USB1-A12
Added Pin To Net: NetName=GND Pin=USB1-B1
Added Pin To Net: NetName=GND Pin=USB1-B12
Added Pin To Net: NetName=GND Pin=Y1-2
Added Pin To Net: NetName=GND Pin=Y1-4
Added Pin To Net: NetName=GND Pin=Y2-2
Added Pin To Net: NetName=GND Pin=Y2-4
Added Net: Name=GND
Added Pin To Net: NetName=JACK_5V Pin=C1-2
Added Pin To Net: NetName=JACK_5V Pin=J10-8
Added Pin To Net: NetName=JACK_5V Pin=LED1-1
Added Pin To Net: NetName=JACK_5V Pin=P1-1
Added Pin To Net: NetName=JACK_5V Pin=SW1-3
Added Pin To Net: NetName=JACK_5V Pin=TP1-1
Added Net: Name=JACK_5V
Added Pin To Net: NetName=NC Pin=J10-1
Added Pin To Net: NetName=NC Pin=J10-2
Added Net: Name=NC
Added Pin To Net: NetName=NetC4_2 Pin=C4-2
Added Pin To Net: NetName=NetC4_2 Pin=U1-7
Added Pin To Net: NetName=NetC4_2 Pin=Y1-1
Added Net: Name=NetC4_2
Added Pin To Net: NetName=NetC5_2 Pin=C5-2
Added Pin To Net: NetName=NetC5_2 Pin=U1-8
Added Pin To Net: NetName=NetC5_2 Pin=Y1-3
Added Net: Name=NetC5_2
Added Pin To Net: NetName=NetC6_1 Pin=C6-1
Added Pin To Net: NetName=NetC6_1 Pin=U2-7
Added Pin To Net: NetName=NetC6_1 Pin=Y2-1
Added Net: Name=NetC6_1
Added Pin To Net: NetName=NetC7_2 Pin=C7-2
Added Pin To Net: NetName=NetC7_2 Pin=U2-8
Added Pin To Net: NetName=NetC7_2 Pin=Y2-3
Added Net: Name=NetC7_2
Added Pin To Net: NetName=NetC10_1 Pin=C10-1
Added Pin To Net: NetName=NetC10_1 Pin=FB1-2
Added Pin To Net: NetName=NetC10_1 Pin=U2-18
Added Net: Name=NetC10_1
Added Pin To Net: NetName=NetLED1_2 Pin=LED1-2
Added Pin To Net: NetName=NetLED1_2 Pin=R1-1
Added Net: Name=NetLED1_2
Added Pin To Net: NetName=NetLED2_2 Pin=LED2-2
Added Pin To Net: NetName=NetLED2_2 Pin=R2-1
Added Net: Name=NetLED2_2
Added Pin To Net: NetName=NetLED3_2 Pin=LED3-2
Added Pin To Net: NetName=NetLED3_2 Pin=R3-1
Added Net: Name=NetLED3_2
Added Pin To Net: NetName=NetLED4_2 Pin=LED4-2
Added Pin To Net: NetName=NetLED4_2 Pin=R4-1
Added Net: Name=NetLED4_2
Added Pin To Net: NetName=NetLED5_2 Pin=LED5-2
Added Pin To Net: NetName=NetLED5_2 Pin=R6-1
Added Net: Name=NetLED5_2
Added Pin To Net: NetName=NetLED6_2 Pin=LED6-2
Added Pin To Net: NetName=NetLED6_2 Pin=R9-1
Added Net: Name=NetLED6_2
Added Pin To Net: NetName=NetLED7_2 Pin=LED7-2
Added Pin To Net: NetName=NetLED7_2 Pin=R10-1
Added Net: Name=NetLED7_2
Added Pin To Net: NetName=NetR11_2 Pin=R11-2
Added Pin To Net: NetName=NetR11_2 Pin=USB1-A5
Added Net: Name=NetR11_2
Added Pin To Net: NetName=RST Pin=C8-1
Added Pin To Net: NetName=RST Pin=C9-1
Added Pin To Net: NetName=RST Pin=J6-3
Added Pin To Net: NetName=RST Pin=J10-3
Added Pin To Net: NetName=RST Pin=R5-2
Added Pin To Net: NetName=RST Pin=SW2-1
Added Pin To Net: NetName=RST Pin=U2-29
Added Net: Name=RST
Added Pin To Net: NetName=USB_5V Pin=LED3-1
Added Pin To Net: NetName=USB_5V Pin=SW1-1
Added Pin To Net: NetName=USB_5V Pin=TP2-1
Added Pin To Net: NetName=USB_5V Pin=USB1-A4
Added Pin To Net: NetName=USB_5V Pin=USB1-A9
Added Pin To Net: NetName=USB_5V Pin=USB1-B4
Added Pin To Net: NetName=USB_5V Pin=USB1-B9
Added Net: Name=USB_5V
Added Pin To Net: NetName=VCC_5V Pin=C3-1
Added Pin To Net: NetName=VCC_5V Pin=C11-1
Added Pin To Net: NetName=VCC_5V Pin=D1-5
Added Pin To Net: NetName=VCC_5V Pin=FB1-1
Added Pin To Net: NetName=VCC_5V Pin=J6-4
Added Pin To Net: NetName=VCC_5V Pin=J10-5
Added Pin To Net: NetName=VCC_5V Pin=LED4-1
Added Pin To Net: NetName=VCC_5V Pin=LED6-1
Added Pin To Net: NetName=VCC_5V Pin=LED7-1
Added Pin To Net: NetName=VCC_5V Pin=PS1-3
Added Pin To Net: NetName=VCC_5V Pin=R5-1
Added Pin To Net: NetName=VCC_5V Pin=SW1-2
Added Pin To Net: NetName=VCC_5V Pin=U1-16
Added Pin To Net: NetName=VCC_5V Pin=U2-4
Added Pin To Net: NetName=VCC_5V Pin=U2-6
Added Net: Name=VCC_5V
Added Class: Name=Schematics
Added Room: Name=Schematics
