Added Component: Designator=A1(XDCR_ALS-PT19-315C/L177/TR8)
Add component (AddParameter): Name = "Availability"; Value = "Good"; VariantName = "[No Variations]"
Add component (AddParameter): Name = "Check_prices"; Value = "https://www.snapeda.com/parts/ALS-PT19-315C/L177/TR8/Everlight%20Electronics%20Co%20Ltd/view-part/226235/?ref=eda"; VariantName = "[No Variations]"
Add component (AddParameter): Name = "MF"; Value = "Everlight"; VariantName = "[No Variations]"
Add component (AddParameter): Name = "MP"; Value = "ALS-PT19-315C/L177/TR8"; VariantName = "[No Variations]"
Add component (AddParameter): Name = "Package"; Value = "None"; VariantName = "[No Variations]"
Add component (AddParameter): Name = "Price"; Value = "None"; VariantName = "[No Variations]"
Add component (AddParameter): Name = "Purchase-URL"; Value = "https://pricing.snapeda.com/search/part/ALS-PT19-315C/L177/TR8/?ref=eda"; VariantName = "[No Variations]"
Add component (AddParameter): Name = "SnapEDA_Link"; Value = "https://www.snapeda.com/parts/ALS-PT19-315C/L177/TR8/Everlight%20Electronics%20Co%20Ltd/view-part/226235/?ref=snap"; VariantName = "[No Variations]"
Add component (AddParameter): Name = "Value"; Value = ""; VariantName = "[No Variations]"
Added Component: Designator=C1(1206_Passive_Capacitor)
Add component (AddParameter): Name = "Digikey Link"; Value = "https://www.digikey.com/product-detail/en/CL31A226MOCLNNC/1276-2728-1-ND/3890814/?itemSeq=304982363"; VariantName = "[No Variations]"
Add component (AddParameter): Name = "Digikey Part"; Value = "1276-2728-1-ND"; VariantName = "[No Variations]"
Add component (AddParameter): Name = "LCSC Part#"; Value = ""; VariantName = "[No Variations]"
Add component (AddParameter): Name = "MFR Part #"; Value = "CL31A226KPHNNNE"; VariantName = "[No Variations]"
Add component (AddParameter): Name = "Type"; Value = "Extended"; VariantName = "[No Variations]"
Add component (AddParameter): Name = "Value"; Value = "22uF"; VariantName = "[No Variations]"
Added Component: Designator=C2(1206_Passive_Capacitor)
Add component (AddParameter): Name = "Digikey Link"; Value = "https://www.digikey.com/product-detail/en/CL31A226MOCLNNC/1276-2728-1-ND/3890814/?itemSeq=304982363"; VariantName = "[No Variations]"
Add component (AddParameter): Name = "Digikey Part"; Value = "1276-2728-1-ND"; VariantName = "[No Variations]"
Add component (AddParameter): Name = "LCSC Part#"; Value = ""; VariantName = "[No Variations]"
Add component (AddParameter): Name = "MFR Part #"; Value = "CL31A226KPHNNNE"; VariantName = "[No Variations]"
Add component (AddParameter): Name = "Type"; Value = "Extended"; VariantName = "[No Variations]"
Add component (AddParameter): Name = "Value"; Value = "22uF"; VariantName = "[No Variations]"
Added Component: Designator=C3(1206_Passive_Capacitor)
Add component (AddParameter): Name = "Digikey Link"; Value = "https://www.digikey.com/product-detail/en/CL31A226MOCLNNC/1276-2728-1-ND/3890814/?itemSeq=304982363"; VariantName = "[No Variations]"
Add component (AddParameter): Name = "Digikey Part"; Value = "1276-2728-1-ND"; VariantName = "[No Variations]"
Add component (AddParameter): Name = "LCSC Part#"; Value = ""; VariantName = "[No Variations]"
Add component (AddParameter): Name = "MFR Part #"; Value = "CL31A226KPHNNNE"; VariantName = "[No Variations]"
Add component (AddParameter): Name = "Type"; Value = "Extended"; VariantName = "[No Variations]"
Add component (AddParameter): Name = "Value"; Value = "22uF"; VariantName = "[No Variations]"
Added Component: Designator=C4(1206_Passive_Capacitor)
Add component (AddParameter): Name = "Digikey Link"; Value = "https://www.digikey.com/product-detail/en/C1206C105M4RACTU/399-8150-1-ND/3471873/?itemSeq=304982366"; VariantName = "[No Variations]"
Add component (AddParameter): Name = "Digikey Part"; Value = "399-8150-1-ND"; VariantName = "[No Variations]"
Add component (AddParameter): Name = "LCSC Part#"; Value = ""; VariantName = "[No Variations]"
Add component (AddParameter): Name = "MFR Part #"; Value = "CL31B105KBHNNNE"; VariantName = "[No Variations]"
Add component (AddParameter): Name = "Type"; Value = "Basic"; VariantName = "[No Variations]"
Add component (AddParameter): Name = "Value"; Value = "1uF"; VariantName = "[No Variations]"
Added Component: Designator=C5(1206_Passive_Capacitor)
Add component (AddParameter): Name = "Digikey Link"; Value = "https://www.digikey.com/product-detail/en/CL31A226MOCLNNC/1276-2728-1-ND/3890814/?itemSeq=304982363"; VariantName = "[No Variations]"
Add component (AddParameter): Name = "Digikey Part"; Value = "1276-2728-1-ND"; VariantName = "[No Variations]"
Add component (AddParameter): Name = "LCSC Part#"; Value = ""; VariantName = "[No Variations]"
Add component (AddParameter): Name = "MFR Part #"; Value = "CL31A226KPHNNNE"; VariantName = "[No Variations]"
Add component (AddParameter): Name = "Type"; Value = "Extended"; VariantName = "[No Variations]"
Add component (AddParameter): Name = "Value"; Value = "22uF"; VariantName = "[No Variations]"
Added Component: Designator=D1(SERIAL_LED)
Add component (AddParameter): Name = "DigiKey"; Value = "https://www.digikey.com/product-detail/en/inolux/IN-PI55QATPRPGPBPW-60/1830-1209-1-ND/9681289"; VariantName = "[No Variations]"
Add component (AddParameter): Name = "Parameter 1"; Value = ""; VariantName = "[No Variations]"
Added Component: Designator=D2(SERIAL_LED)
Add component (AddParameter): Name = "DigiKey"; Value = "https://www.digikey.com/product-detail/en/inolux/IN-PI55QATPRPGPBPW-60/1830-1209-1-ND/9681289"; VariantName = "[No Variations]"
Add component (AddParameter): Name = "Parameter 1"; Value = ""; VariantName = "[No Variations]"
Added Component: Designator=D3(SERIAL_LED)
Add component (AddParameter): Name = "DigiKey"; Value = "https://www.digikey.com/product-detail/en/inolux/IN-PI55QATPRPGPBPW-60/1830-1209-1-ND/9681289"; VariantName = "[No Variations]"
Add component (AddParameter): Name = "Parameter 1"; Value = ""; VariantName = "[No Variations]"
Added Component: Designator=D4(SERIAL_LED)
Add component (AddParameter): Name = "DigiKey"; Value = "https://www.digikey.com/product-detail/en/inolux/IN-PI55QATPRPGPBPW-60/1830-1209-1-ND/9681289"; VariantName = "[No Variations]"
Add component (AddParameter): Name = "Parameter 1"; Value = ""; VariantName = "[No Variations]"
Added Component: Designator=D5(SERIAL_LED)
Add component (AddParameter): Name = "DigiKey"; Value = "https://www.digikey.com/product-detail/en/inolux/IN-PI55QATPRPGPBPW-60/1830-1209-1-ND/9681289"; VariantName = "[No Variations]"
Add component (AddParameter): Name = "Parameter 1"; Value = ""; VariantName = "[No Variations]"
Added Component: Designator=D6(SERIAL_LED)
Add component (AddParameter): Name = "DigiKey"; Value = "https://www.digikey.com/product-detail/en/inolux/IN-PI55QATPRPGPBPW-60/1830-1209-1-ND/9681289"; VariantName = "[No Variations]"
Add component (AddParameter): Name = "Parameter 1"; Value = ""; VariantName = "[No Variations]"
Added Component: Designator=J1(TE_87220-4)
Add component (AddParameter): Name = "Availability"; Value = "Warning"; VariantName = "[No Variations]"
Add component (AddParameter): Name = "Centerline_Pitch"; Value = "2.54 mm[.1 in]"; VariantName = "[No Variations]"
Add component (AddParameter): Name = "Check_prices"; Value = "https://www.snapeda.com/parts/87220-4/TE%20Connectivity%20AMP%20Connectors/view-part/498541/?ref=eda"; VariantName = "[No Variations]"
Add component (AddParameter): Name = "EU_RoHS_Compliance"; Value = "Compliant"; VariantName = "[No Variations]"
Add component (AddParameter): Name = "MF"; Value = "TE Connectivity"; VariantName = "[No Variations]"
Add component (AddParameter): Name = "MP"; Value = "87220-4"; VariantName = "[No Variations]"
Add component (AddParameter): Name = "Number_of_Positions"; Value = "4"; VariantName = "[No Variations]"
Add component (AddParameter): Name = "Package"; Value = "None"; VariantName = "[No Variations]"
Add component (AddParameter): Name = "Price"; Value = "None"; VariantName = "[No Variations]"
Add component (AddParameter): Name = "Product_Type"; Value = "Connector"; VariantName = "[No Variations]"
Add component (AddParameter): Name = "Purchase-URL"; Value = "https://pricing.snapeda.com/search/part/87220-4/?ref=eda"; VariantName = "[No Variations]"
Add component (AddParameter): Name = "SnapEDA_Link"; Value = "https://www.snapeda.com/parts/87220-4/TE%20Connectivity%20AMP%20Connectors/view-part/498541/?ref=snap"; VariantName = "[No Variations]"
Add component (AddParameter): Name = "Value"; Value = ""; VariantName = "[No Variations]"
Added Component: Designator=J2(3_PIN_100mil)
Add component (AddParameter): Name = "Datasheet"; Value = "https://datasheet.lcsc.com/lcsc/1811132313_BOOMELE-Boom-Precision-Elec-C49257_C49257.pdf"; VariantName = "[No Variations]"
Add component (AddParameter): Name = "LCSC Part#"; Value = "C49257"; VariantName = "[No Variations]"
Add component (AddParameter): Name = "MFR Part #"; Value = "C49257"; VariantName = "[No Variations]"
Add component (AddParameter): Name = "Type"; Value = "Extended"; VariantName = "[No Variations]"
Add component (AddParameter): Name = "Value"; Value = "3 PIN"; VariantName = "[No Variations]"
Added Component: Designator=J3(3_PIN_100mil)
Add component (AddParameter): Name = "Datasheet"; Value = "https://datasheet.lcsc.com/lcsc/1811132313_BOOMELE-Boom-Precision-Elec-C49257_C49257.pdf"; VariantName = "[No Variations]"
Add component (AddParameter): Name = "LCSC Part#"; Value = "C49257"; VariantName = "[No Variations]"
Add component (AddParameter): Name = "MFR Part #"; Value = "C49257"; VariantName = "[No Variations]"
Add component (AddParameter): Name = "Type"; Value = "Extended"; VariantName = "[No Variations]"
Add component (AddParameter): Name = "Value"; Value = "3 PIN"; VariantName = "[No Variations]"
Added Component: Designator=J4(6_PIN_ARDUINO_100mil)
Add component (AddParameter): Name = "Digikey Link"; Value = "https://www.digikey.com/product-detail/en/PPTC061LFBN-RC/S7004-ND/810145/?itemSeq=304982353"; VariantName = "[No Variations]"
Add component (AddParameter): Name = "Digikey Part"; Value = "S7004-ND"; VariantName = "[No Variations]"
Add component (AddParameter): Name = "LCSC Part#"; Value = "DNP"; VariantName = "[No Variations]"
Add component (AddParameter): Name = "Value"; Value = "Male"; VariantName = "[No Variations]"
Added Component: Designator=J5(8_PIN_ARDUINO_100MIL)
Add component (AddParameter): Name = "Digikey Link"; Value = "https://www.digikey.com/product-detail/en/PPTC081LFBN-RC/S7006-ND/810147/?itemSeq=304982354"; VariantName = "[No Variations]"
Add component (AddParameter): Name = "Digikey Part"; Value = "S7006-ND"; VariantName = "[No Variations]"
Add component (AddParameter): Name = "LCSC Part#"; Value = "DNP"; VariantName = "[No Variations]"
Add component (AddParameter): Name = "Value"; Value = "Male"; VariantName = "[No Variations]"
Added Component: Designator=J6(10_PIN_ARDUINO_100MIL)
Add component (AddParameter): Name = "Digikey Link"; Value = "https://www.digikey.com/product-detail/en/PPTC101LFBN-RC/S7008-ND/810149/?itemSeq=304982352"; VariantName = "[No Variations]"
Add component (AddParameter): Name = "Digikey Part"; Value = "S7008-ND"; VariantName = "[No Variations]"
Add component (AddParameter): Name = "LCSC Part#"; Value = "DNP"; VariantName = "[No Variations]"
Add component (AddParameter): Name = "Value"; Value = "Male"; VariantName = "[No Variations]"
Added Component: Designator=J7(8_PIN_ARDUINO_100MIL)
Add component (AddParameter): Name = "Digikey Link"; Value = "https://www.digikey.com/product-detail/en/PPTC081LFBN-RC/S7006-ND/810147/?itemSeq=304982354"; VariantName = "[No Variations]"
Add component (AddParameter): Name = "Digikey Part"; Value = "S7006-ND"; VariantName = "[No Variations]"
Add component (AddParameter): Name = "LCSC Part#"; Value = "DNP"; VariantName = "[No Variations]"
Add component (AddParameter): Name = "Value"; Value = "Male"; VariantName = "[No Variations]"
Added Component: Designator=J8(6_PIN_ARDUINO_100mil)
Add component (AddParameter): Name = "Digikey Link"; Value = "https://www.digikey.com/product-detail/en/PPTC061LFBN-RC/S7004-ND/810145/?itemSeq=304982353"; VariantName = "[No Variations]"
Add component (AddParameter): Name = "Digikey Part"; Value = "S7004-ND"; VariantName = "[No Variations]"
Add component (AddParameter): Name = "LCSC Part#"; Value = "DNP"; VariantName = "[No Variations]"
Add component (AddParameter): Name = "Value"; Value = "Male"; VariantName = "[No Variations]"
Added Component: Designator=J9(6_PIN_ARDUINO_100mil)
Add component (AddParameter): Name = "Digikey Link"; Value = "https://www.digikey.com/product-detail/en/PPTC061LFBN-RC/S7004-ND/810145/?itemSeq=304982353"; VariantName = "[No Variations]"
Add component (AddParameter): Name = "Digikey Part"; Value = "S7004-ND"; VariantName = "[No Variations]"
Add component (AddParameter): Name = "LCSC Part#"; Value = "DNP"; VariantName = "[No Variations]"
Add component (AddParameter): Name = "Value"; Value = "Male"; VariantName = "[No Variations]"
Added Component: Designator=J10(6_PIN_ARDUINO_100mil)
Add component (AddParameter): Name = "Digikey Link"; Value = "https://www.digikey.com/product-detail/en/PPTC061LFBN-RC/S7004-ND/810145/?itemSeq=304982353"; VariantName = "[No Variations]"
Add component (AddParameter): Name = "Digikey Part"; Value = "S7004-ND"; VariantName = "[No Variations]"
Add component (AddParameter): Name = "LCSC Part#"; Value = "DNP"; VariantName = "[No Variations]"
Add component (AddParameter): Name = "Value"; Value = "Male"; VariantName = "[No Variations]"
Added Component: Designator=J11(TE_87220-4)
Add component (AddParameter): Name = "Availability"; Value = "Warning"; VariantName = "[No Variations]"
Add component (AddParameter): Name = "Centerline_Pitch"; Value = "2.54 mm[.1 in]"; VariantName = "[No Variations]"
Add component (AddParameter): Name = "Check_prices"; Value = "https://www.snapeda.com/parts/87220-4/TE%20Connectivity%20AMP%20Connectors/view-part/498541/?ref=eda"; VariantName = "[No Variations]"
Add component (AddParameter): Name = "EU_RoHS_Compliance"; Value = "Compliant"; VariantName = "[No Variations]"
Add component (AddParameter): Name = "MF"; Value = "TE Connectivity"; VariantName = "[No Variations]"
Add component (AddParameter): Name = "MP"; Value = "87220-4"; VariantName = "[No Variations]"
Add component (AddParameter): Name = "Number_of_Positions"; Value = "4"; VariantName = "[No Variations]"
Add component (AddParameter): Name = "Package"; Value = "None"; VariantName = "[No Variations]"
Add component (AddParameter): Name = "Price"; Value = "None"; VariantName = "[No Variations]"
Add component (AddParameter): Name = "Product_Type"; Value = "Connector"; VariantName = "[No Variations]"
Add component (AddParameter): Name = "Purchase-URL"; Value = "https://pricing.snapeda.com/search/part/87220-4/?ref=eda"; VariantName = "[No Variations]"
Add component (AddParameter): Name = "SnapEDA_Link"; Value = "https://www.snapeda.com/parts/87220-4/TE%20Connectivity%20AMP%20Connectors/view-part/498541/?ref=snap"; VariantName = "[No Variations]"
Add component (AddParameter): Name = "Value"; Value = ""; VariantName = "[No Variations]"
Added Component: Designator=LED1(LED)
Add component (AddParameter): Name = "Digikey Link"; Value = "https://www.digikey.com/product-detail/en/LTST-C150CKT/160-1167-1-ND/269239/?itemSeq=304982368"; VariantName = "[No Variations]"
Add component (AddParameter): Name = "Digikey Part"; Value = "160-1167-1-ND"; VariantName = "[No Variations]"
Add component (AddParameter): Name = "Value"; Value = "Red"; VariantName = "[No Variations]"
Added Component: Designator=LED2(LED)
Add component (AddParameter): Name = "Digikey Link"; Value = "https://www.digikey.com/product-detail/en/LTST-C150CKT/160-1167-1-ND/269239/?itemSeq=304982368"; VariantName = "[No Variations]"
Add component (AddParameter): Name = "Digikey Part"; Value = "160-1167-1-ND"; VariantName = "[No Variations]"
Add component (AddParameter): Name = "Value"; Value = "Red"; VariantName = "[No Variations]"
Added Component: Designator=LED3(LED)
Add component (AddParameter): Name = "Digikey Link"; Value = "https://www.digikey.com/product-detail/en/LTST-C150CKT/160-1167-1-ND/269239/?itemSeq=304982368"; VariantName = "[No Variations]"
Add component (AddParameter): Name = "Digikey Part"; Value = "160-1167-1-ND"; VariantName = "[No Variations]"
Add component (AddParameter): Name = "Value"; Value = "Red"; VariantName = "[No Variations]"
Added Component: Designator=LS1(XDCR_AT-1224-TWT-5V-2-R)
Add component (AddParameter): Name = "Availability"; Value = "In Stock"; VariantName = "[No Variations]"
Add component (AddParameter): Name = "Check_prices"; Value = "https://www.snapeda.com/parts/AT-1224-TWT-5V-2-R/PUI%20Audio,%20Inc./view-part/453710/?ref=eda"; VariantName = "[No Variations]"
Add component (AddParameter): Name = "MF"; Value = "PUI Audio,"; VariantName = "[No Variations]"
Add component (AddParameter): Name = "MP"; Value = "AT-1224-TWT-5V-2-R"; VariantName = "[No Variations]"
Add component (AddParameter): Name = "Package"; Value = "PUI Audio,"; VariantName = "[No Variations]"
Add component (AddParameter): Name = "Price"; Value = "None"; VariantName = "[No Variations]"
Add component (AddParameter): Name = "Purchase-URL"; Value = "https://pricing.snapeda.com/search/part/AT-1224-TWT-5V-2-R/?ref=eda"; VariantName = "[No Variations]"
Add component (AddParameter): Name = "SnapEDA_Link"; Value = "https://www.snapeda.com/parts/AT-1224-TWT-5V-2-R/PUI%20Audio,%20Inc./view-part/453710/?ref=snap"; VariantName = "[No Variations]"
Add component (AddParameter): Name = "Value"; Value = ""; VariantName = "[No Variations]"
Added Component: Designator=MK1(MIC_CMEJ-0415-42-P)
Add component (AddParameter): Name = "CUI_purchase_URL"; Value = "https://www.cuidevices.com/product/audio/microphones/electret-condenser-microphones/cmej-0415-42-p?utm_source=snapeda.com&utm_medium=referral&utm_campaign=snapedaBOM"; VariantName = "[No Variations]"
Add component (AddParameter): Name = "Digi-Key_Part_Number"; Value = "102-6542-ND"; VariantName = "[No Variations]"
Add component (AddParameter): Name = "Digi-Key_Purchase_URL"; Value = "https://www.digikey.com/product-detail/en/cui-devices/CMEJ-0415-42-P/102-6542-ND/10253451?utm_source=snapeda&utm_medium=aggregator&utm_campaign=symbol"; VariantName = "[No Variations]"
Add component (AddParameter): Name = "MF"; Value = "CUI Devices"; VariantName = "[No Variations]"
Add component (AddParameter): Name = "MP"; Value = "CMEJ-0415-42-P"; VariantName = "[No Variations]"
Add component (AddParameter): Name = "Package"; Value = "CUI Inc."; VariantName = "[No Variations]"
Add component (AddParameter): Name = "SnapEDA_Link"; Value = "https://www.snapeda.com/parts/CMEJ-0415-42-P/CUI%20Devices/view-part/3625885/?ref=snap"; VariantName = "[No Variations]"
Add component (AddParameter): Name = "Value"; Value = ""; VariantName = "[No Variations]"
Added Component: Designator=R1(1206_Passive_Resitor)
Add component (AddParameter): Name = "Digikey Link"; Value = "https://www.digikey.com/product-detail/en/RNCP1206FTD1K00/RNCP1206FTD1K00CT-ND/2240675/?itemSeq=304982373"; VariantName = "[No Variations]"
Add component (AddParameter): Name = "Digikey Part"; Value = "RNCP1206FTD1K00CT-ND"; VariantName = "[No Variations]"
Add component (AddParameter): Name = "LCSC Part#"; Value = ""; VariantName = "[No Variations]"
Add component (AddParameter): Name = "MFR Part #"; Value = "1206W4F1001T5"; VariantName = "[No Variations]"
Add component (AddParameter): Name = "Value"; Value = "1K Ohm"; VariantName = "[No Variations]"
Added Component: Designator=R2(1206_Passive_Resitor)
Add component (AddParameter): Name = "Digikey Link"; Value = "https://www.digikey.com/product-detail/en/RNCP1206FTD1K00/RNCP1206FTD1K00CT-ND/2240675/?itemSeq=304982373"; VariantName = "[No Variations]"
Add component (AddParameter): Name = "Digikey Part"; Value = "RNCP1206FTD1K00CT-ND"; VariantName = "[No Variations]"
Add component (AddParameter): Name = "LCSC Part#"; Value = ""; VariantName = "[No Variations]"
Add component (AddParameter): Name = "MFR Part #"; Value = "1206W4F1001T5"; VariantName = "[No Variations]"
Add component (AddParameter): Name = "Value"; Value = "1K Ohm"; VariantName = "[No Variations]"
Added Component: Designator=R3(1206_Passive_Resitor)
Add component (AddParameter): Name = "Digikey Link"; Value = "https://www.digikey.com/product-detail/en/RNCP1206FTD1K00/RNCP1206FTD1K00CT-ND/2240675/?itemSeq=304982373"; VariantName = "[No Variations]"
Add component (AddParameter): Name = "Digikey Part"; Value = "RNCP1206FTD1K00CT-ND"; VariantName = "[No Variations]"
Add component (AddParameter): Name = "LCSC Part#"; Value = ""; VariantName = "[No Variations]"
Add component (AddParameter): Name = "MFR Part #"; Value = "1206W4F1001T5"; VariantName = "[No Variations]"
Add component (AddParameter): Name = "Value"; Value = "1K Ohm"; VariantName = "[No Variations]"
Added Component: Designator=R4(1206_Passive_Resitor)
Add component (AddParameter): Name = "Digikey Link"; Value = "https://www.digikey.com/product-detail/en/RNCP1206FTD1K00/RNCP1206FTD1K00CT-ND/2240675/?itemSeq=304982373"; VariantName = "[No Variations]"
Add component (AddParameter): Name = "Digikey Part"; Value = "RNCP1206FTD1K00CT-ND"; VariantName = "[No Variations]"
Add component (AddParameter): Name = "LCSC Part#"; Value = ""; VariantName = "[No Variations]"
Add component (AddParameter): Name = "MFR Part #"; Value = "1206W4F1001T5"; VariantName = "[No Variations]"
Add component (AddParameter): Name = "Value"; Value = "1K Ohm"; VariantName = "[No Variations]"
Added Component: Designator=R5(1206_Passive_Resitor)
Add component (AddParameter): Name = "Digikey Link"; Value = "https://www.digikey.com/product-detail/en/RNCP1206FTD1K00/RNCP1206FTD1K00CT-ND/2240675/?itemSeq=304982373"; VariantName = "[No Variations]"
Add component (AddParameter): Name = "Digikey Part"; Value = "RNCP1206FTD1K00CT-ND"; VariantName = "[No Variations]"
Add component (AddParameter): Name = "LCSC Part#"; Value = ""; VariantName = "[No Variations]"
Add component (AddParameter): Name = "MFR Part #"; Value = "1206W4F1001T5"; VariantName = "[No Variations]"
Add component (AddParameter): Name = "Value"; Value = "1K Ohm"; VariantName = "[No Variations]"
Added Component: Designator=R6(1206_Passive_Resitor)
Add component (AddParameter): Name = "Digikey Link"; Value = "https://www.digikey.com/product-detail/en/RMCF1206JT300R/RMCF1206JT300RCT-ND/1942776/?itemSeq=304982374"; VariantName = "[No Variations]"
Add component (AddParameter): Name = "Digikey Part"; Value = "RMCF1206JT300RCT-ND"; VariantName = "[No Variations]"
Add component (AddParameter): Name = "LCSC Part#"; Value = ""; VariantName = "[No Variations]"
Add component (AddParameter): Name = "Value"; Value = "10KOhm"; VariantName = "[No Variations]"
Added Component: Designator=R7(1206_Passive_Resitor)
Add component (AddParameter): Name = "Digikey Link"; Value = "https://www.digikey.com/product-detail/en/RNCP1206FTD1K00/RNCP1206FTD1K00CT-ND/2240675/?itemSeq=304982373"; VariantName = "[No Variations]"
Add component (AddParameter): Name = "Digikey Part"; Value = "RNCP1206FTD1K00CT-ND"; VariantName = "[No Variations]"
Add component (AddParameter): Name = "LCSC Part#"; Value = ""; VariantName = "[No Variations]"
Add component (AddParameter): Name = "MFR Part #"; Value = "1206W4F1001T5"; VariantName = "[No Variations]"
Add component (AddParameter): Name = "Value"; Value = "1K Ohm"; VariantName = "[No Variations]"
Added Component: Designator=R8(1206_Passive_Resitor)
Add component (AddParameter): Name = "Digikey Link"; Value = "https://www.digikey.com/product-detail/en/RNCP1206FTD1K00/RNCP1206FTD1K00CT-ND/2240675/?itemSeq=304982373"; VariantName = "[No Variations]"
Add component (AddParameter): Name = "Digikey Part"; Value = "RNCP1206FTD1K00CT-ND"; VariantName = "[No Variations]"
Add component (AddParameter): Name = "LCSC Part#"; Value = ""; VariantName = "[No Variations]"
Add component (AddParameter): Name = "MFR Part #"; Value = "1206W4F1001T5"; VariantName = "[No Variations]"
Add component (AddParameter): Name = "Value"; Value = "1K Ohm"; VariantName = "[No Variations]"
Added Component: Designator=R9(1206_Passive_Resitor)
Add component (AddParameter): Name = "Digikey Link"; Value = "https://www.digikey.com/product-detail/en/RNCP1206FTD1K00/RNCP1206FTD1K00CT-ND/2240675/?itemSeq=304982373"; VariantName = "[No Variations]"
Add component (AddParameter): Name = "Digikey Part"; Value = "RNCP1206FTD1K00CT-ND"; VariantName = "[No Variations]"
Add component (AddParameter): Name = "LCSC Part#"; Value = ""; VariantName = "[No Variations]"
Add component (AddParameter): Name = "MFR Part #"; Value = "1206W4F1001T5"; VariantName = "[No Variations]"
Add component (AddParameter): Name = "Value"; Value = "1K Ohm"; VariantName = "[No Variations]"
Added Component: Designator=R10(1206_Passive_Resitor)
Add component (AddParameter): Name = "Digikey Link"; Value = "https://www.digikey.com/product-detail/en/RMCF1206JT300R/RMCF1206JT300RCT-ND/1942776/?itemSeq=304982374"; VariantName = "[No Variations]"
Add component (AddParameter): Name = "Digikey Part"; Value = "RMCF1206JT300RCT-ND"; VariantName = "[No Variations]"
Add component (AddParameter): Name = "LCSC Part#"; Value = "C17902"; VariantName = "[No Variations]"
Add component (AddParameter): Name = "Type"; Value = "Basic"; VariantName = "[No Variations]"
Add component (AddParameter): Name = "Value"; Value = "10KOhm"; VariantName = "[No Variations]"
Added Component: Designator=SW1(Switch_JLC)
Add component (AddParameter): Name = "LCSC Part#"; Value = "C174049"; VariantName = "[No Variations]"
Add component (AddParameter): Name = "MFR Part #"; Value = "C174049"; VariantName = "[No Variations]"
Add component (AddParameter): Name = "Type"; Value = "Extended"; VariantName = "[No Variations]"
Added Component: Designator=TP1(TP10x_Probe)
Added Component: Designator=TP2(TP10x_Probe)
Added Component: Designator=U1(SOT95P237X112-3N)
Add component (AddParameter): Name = "Availability"; Value = "Unavailable"; VariantName = "[No Variations]"
Add component (AddParameter): Name = "MF"; Value = ""; VariantName = "[No Variations]"
Add component (AddParameter): Name = "MP"; Value = "DRV5053RAQDBZT"; VariantName = "[No Variations]"
Add component (AddParameter): Name = "Package"; Value = "None"; VariantName = "[No Variations]"
Add component (AddParameter): Name = "Price"; Value = "None"; VariantName = "[No Variations]"
Add component (AddParameter): Name = "Value"; Value = ""; VariantName = "[No Variations]"
Added Component: Designator=U2(SOP50P490X110-10N)
Add component (AddParameter): Name = "Availability"; Value = "Good"; VariantName = "[No Variations]"
Add component (AddParameter): Name = "DigiKey-Purchase-URL"; Value = "https://snapeda.com/shop?store=DigiKey&id=45903"; VariantName = "[No Variations]"
Add component (AddParameter): Name = "MF"; Value = "Texas Instruments"; VariantName = "[No Variations]"
Add component (AddParameter): Name = "Mouser-Purchase-URL"; Value = "https://snapeda.com/shop?store=Mouser&id=45903"; VariantName = "[No Variations]"
Add component (AddParameter): Name = "MP"; Value = "ADS1115IDGSR"; VariantName = "[No Variations]"
Add component (AddParameter): Name = "Package"; Value = "VSSOP-10 Texas Instruments"; VariantName = "[No Variations]"
Add component (AddParameter): Name = "Price"; Value = "None"; VariantName = "[No Variations]"
Add component (AddParameter): Name = "SnapEDA_Link"; Value = "https://www.snapeda.com/parts/ADS1115IDGSR/Texas%20Instruments/view-part/45903/?ref=snap"; VariantName = "[No Variations]"
Add component (AddParameter): Name = "Texas_Instruments-Purchase-URL"; Value = "https://snapeda.com/shop?store=Texas+Instruments&id=45903"; VariantName = "[No Variations]"
Add component (AddParameter): Name = "Value"; Value = ""; VariantName = "[No Variations]"
Added Component: Designator=U3(SOT95P270X145-6N)
Add component (AddParameter): Name = "Availability"; Value = "Unavailable"; VariantName = "[No Variations]"
Add component (AddParameter): Name = "MF"; Value = "Microchip"; VariantName = "[No Variations]"
Add component (AddParameter): Name = "MP"; Value = "MCP4725A0T-E/CH"; VariantName = "[No Variations]"
Add component (AddParameter): Name = "Package"; Value = "SOT-23-6 Microchip"; VariantName = "[No Variations]"
Add component (AddParameter): Name = "Price"; Value = "None"; VariantName = "[No Variations]"
Add component (AddParameter): Name = "SnapEDA_Link"; Value = "https://www.snapeda.com/parts/MCP4725A0T-E/CH/Microchip/view-part/109888/?ref=snap"; VariantName = "[No Variations]"
Add component (AddParameter): Name = "Value"; Value = ""; VariantName = "[No Variations]"
Added Pin To Net: NetName=AM_LIGHT_AIN3 Pin=J3-3
Added Pin To Net: NetName=AM_LIGHT_AIN3 Pin=U2-7
Added Net: Name=AM_LIGHT_AIN3
Added Pin To Net: NetName=BT_RX Pin=J7-7
Added Pin To Net: NetName=BT_RX Pin=J9-2
Added Net: Name=BT_RX
Added Pin To Net: NetName=BT_TX Pin=J7-8
Added Pin To Net: NetName=BT_TX Pin=J9-3
Added Net: Name=BT_TX
Added Pin To Net: NetName=BUZ_PWM Pin=J7-3
Added Pin To Net: NetName=BUZ_PWM Pin=LS1-P
Added Net: Name=BUZ_PWM
Added Pin To Net: NetName=D10_SS Pin=J6-8
Added Pin To Net: NetName=D10_SS Pin=J10-1
Added Net: Name=D10_SS
Added Pin To Net: NetName=D11_MOSI Pin=J6-7
Added Pin To Net: NetName=D11_MOSI Pin=J10-3
Added Net: Name=D11_MOSI
Added Pin To Net: NetName=D12_MISO Pin=J6-6
Added Pin To Net: NetName=D12_MISO Pin=J10-4
Added Net: Name=D12_MISO
Added Pin To Net: NetName=D13_SCK Pin=J6-5
Added Pin To Net: NetName=D13_SCK Pin=J10-2
Added Net: Name=D13_SCK
Added Pin To Net: NetName=DAC_OP_A0 Pin=J4-1
Added Pin To Net: NetName=DAC_OP_A0 Pin=TP1-1
Added Pin To Net: NetName=DAC_OP_A0 Pin=U3-1
Added Net: Name=DAC_OP_A0
Added Pin To Net: NetName=ECHO Pin=J7-1
Added Pin To Net: NetName=ECHO Pin=J11-3
Added Net: Name=ECHO
Added Pin To Net: NetName=GAS_AO Pin=J1-4
Added Pin To Net: NetName=GAS_AO Pin=J4-3
Added Net: Name=GAS_AO
Added Pin To Net: NetName=GND Pin=C1-2
Added Pin To Net: NetName=GND Pin=C2-2
Added Pin To Net: NetName=GND Pin=C3-2
Added Pin To Net: NetName=GND Pin=C5-1
Added Pin To Net: NetName=GND Pin=D1-3
Added Pin To Net: NetName=GND Pin=D2-3
Added Pin To Net: NetName=GND Pin=D3-3
Added Pin To Net: NetName=GND Pin=D4-3
Added Pin To Net: NetName=GND Pin=D5-3
Added Pin To Net: NetName=GND Pin=D6-3
Added Pin To Net: NetName=GND Pin=J1-2
Added Pin To Net: NetName=GND Pin=J2-3
Added Pin To Net: NetName=GND Pin=J3-2
Added Pin To Net: NetName=GND Pin=J5-6
Added Pin To Net: NetName=GND Pin=J5-7
Added Pin To Net: NetName=GND Pin=J8-6
Added Pin To Net: NetName=GND Pin=J9-4
Added Pin To Net: NetName=GND Pin=J10-6
Added Pin To Net: NetName=GND Pin=J11-4
Added Pin To Net: NetName=GND Pin=LS1-N
Added Pin To Net: NetName=GND Pin=MK1-N
Added Pin To Net: NetName=GND Pin=R1-2
Added Pin To Net: NetName=GND Pin=R2-2
Added Pin To Net: NetName=GND Pin=R6-2
Added Pin To Net: NetName=GND Pin=R8-2
Added Pin To Net: NetName=GND Pin=R10-2
Added Pin To Net: NetName=GND Pin=TP1-2
Added Pin To Net: NetName=GND Pin=TP1-2
Added Pin To Net: NetName=GND Pin=TP1-2
Added Pin To Net: NetName=GND Pin=TP2-2
Added Pin To Net: NetName=GND Pin=TP2-2
Added Pin To Net: NetName=GND Pin=TP2-2
Added Pin To Net: NetName=GND Pin=U1-3
Added Pin To Net: NetName=GND Pin=U2-1
Added Pin To Net: NetName=GND Pin=U2-3
Added Pin To Net: NetName=GND Pin=U2-5
Added Pin To Net: NetName=GND Pin=U3-2
Added Pin To Net: NetName=GND Pin=U3-6
Added Net: Name=GND
Added Pin To Net: NetName=HB_DS_A0 Pin=A1-2
Added Pin To Net: NetName=HB_DS_A0 Pin=R6-1
Added Pin To Net: NetName=HB_DS_A0 Pin=U2-4
Added Net: Name=HB_DS_A0
Added Pin To Net: NetName=HFS_AIN2 Pin=U1-2
Added Pin To Net: NetName=HFS_AIN2 Pin=U2-6
Added Net: Name=HFS_AIN2
Added Pin To Net: NetName=LED's Pin=D6-4
Added Pin To Net: NetName=LED's Pin=J7-5
Added Net: Name=LED's
Added Pin To Net: NetName=MIC_OP Pin=C4-1
Added Pin To Net: NetName=MIC_OP Pin=J4-2
Added Net: Name=MIC_OP
Added Pin To Net: NetName=NetC4_2 Pin=C4-2
Added Pin To Net: NetName=NetC4_2 Pin=MK1-P
Added Pin To Net: NetName=NetC4_2 Pin=R4-2
Added Net: Name=NetC4_2
Added Pin To Net: NetName=NetD1_4 Pin=D1-4
Added Pin To Net: NetName=NetD1_4 Pin=D2-2
Added Net: Name=NetD1_4
Added Pin To Net: NetName=NetD2_4 Pin=D2-4
Added Pin To Net: NetName=NetD2_4 Pin=R3-1
Added Net: Name=NetD2_4
Added Pin To Net: NetName=NetD3_4 Pin=D3-4
Added Pin To Net: NetName=NetD3_4 Pin=D4-2
Added Net: Name=NetD3_4
Added Pin To Net: NetName=NetD4_4 Pin=D4-4
Added Pin To Net: NetName=NetD4_4 Pin=D5-2
Added Net: Name=NetD4_4
Added Pin To Net: NetName=NetD5_4 Pin=D5-4
Added Pin To Net: NetName=NetD5_4 Pin=D6-2
Added Net: Name=NetD5_4
Added Pin To Net: NetName=NetLED1_1 Pin=LED1-1
Added Pin To Net: NetName=NetLED1_1 Pin=R1-1
Added Net: Name=NetLED1_1
Added Pin To Net: NetName=NetLED2_1 Pin=LED2-1
Added Pin To Net: NetName=NetLED2_1 Pin=R2-1
Added Net: Name=NetLED2_1
Added Pin To Net: NetName=NetLED3_1 Pin=LED3-1
Added Pin To Net: NetName=NetLED3_1 Pin=R8-1
Added Net: Name=NetLED3_1
Added Pin To Net: NetName=NetR4_1 Pin=R4-1
Added Pin To Net: NetName=NetR4_1 Pin=R5-2
Added Net: Name=NetR4_1
Added Pin To Net: NetName=PB Pin=J6-9
Added Pin To Net: NetName=PB Pin=R10-1
Added Pin To Net: NetName=PB Pin=SW1-4
Added Net: Name=PB
Added Pin To Net: NetName=SCL Pin=J6-1
Added Pin To Net: NetName=SCL Pin=J8-3
Added Pin To Net: NetName=SCL Pin=R7-2
Added Pin To Net: NetName=SCL Pin=U2-10
Added Pin To Net: NetName=SCL Pin=U3-5
Added Net: Name=SCL
Added Pin To Net: NetName=SDA Pin=J6-2
Added Pin To Net: NetName=SDA Pin=J8-4
Added Pin To Net: NetName=SDA Pin=R9-2
Added Pin To Net: NetName=SDA Pin=U2-9
Added Pin To Net: NetName=SDA Pin=U3-4
Added Net: Name=SDA
Added Pin To Net: NetName=SMART_LED_IN Pin=J7-4
Added Pin To Net: NetName=SMART_LED_IN Pin=R3-2
Added Net: Name=SMART_LED_IN
Added Pin To Net: NetName=TEMP_DATA Pin=J2-2
Added Pin To Net: NetName=TEMP_DATA Pin=J7-6
Added Net: Name=TEMP_DATA
Added Pin To Net: NetName=TRIG Pin=J7-2
Added Pin To Net: NetName=TRIG Pin=J11-2
Added Net: Name=TRIG
Added Pin To Net: NetName=VCC_5V Pin=A1-1
Added Pin To Net: NetName=VCC_5V Pin=C1-1
Added Pin To Net: NetName=VCC_5V Pin=C2-1
Added Pin To Net: NetName=VCC_5V Pin=C3-1
Added Pin To Net: NetName=VCC_5V Pin=C5-2
Added Pin To Net: NetName=VCC_5V Pin=D1-1
Added Pin To Net: NetName=VCC_5V Pin=D2-1
Added Pin To Net: NetName=VCC_5V Pin=D3-1
Added Pin To Net: NetName=VCC_5V Pin=D4-1
Added Pin To Net: NetName=VCC_5V Pin=D5-1
Added Pin To Net: NetName=VCC_5V Pin=D6-1
Added Pin To Net: NetName=VCC_5V Pin=J1-1
Added Pin To Net: NetName=VCC_5V Pin=J2-1
Added Pin To Net: NetName=VCC_5V Pin=J3-1
Added Pin To Net: NetName=VCC_5V Pin=J5-5
Added Pin To Net: NetName=VCC_5V Pin=J8-5
Added Pin To Net: NetName=VCC_5V Pin=J9-5
Added Pin To Net: NetName=VCC_5V Pin=J10-5
Added Pin To Net: NetName=VCC_5V Pin=J11-1
Added Pin To Net: NetName=VCC_5V Pin=LED1-2
Added Pin To Net: NetName=VCC_5V Pin=LED2-2
Added Pin To Net: NetName=VCC_5V Pin=LED3-2
Added Pin To Net: NetName=VCC_5V Pin=R5-1
Added Pin To Net: NetName=VCC_5V Pin=R7-1
Added Pin To Net: NetName=VCC_5V Pin=R9-1
Added Pin To Net: NetName=VCC_5V Pin=SW1-1
Added Pin To Net: NetName=VCC_5V Pin=TP2-1
Added Pin To Net: NetName=VCC_5V Pin=U1-1
Added Pin To Net: NetName=VCC_5V Pin=U2-8
Added Pin To Net: NetName=VCC_5V Pin=U3-3
Added Net: Name=VCC_5V
